2016-10-04 04:40:51: exception 'Exception' with message 'Problem preparing query (SELECT  * FROM sucursales) Table 'arielces_mvtest.sucursales' doesn't exist' in C:\xampp\htdocs\cnx\MysqliDb.php:1482
Stack trace:
#0 C:\xampp\htdocs\cnx\MysqliDb.php(1095): MysqliDb->_prepareQuery()
#1 C:\xampp\htdocs\cnx\MysqliDb.php(550): MysqliDb->_buildQuery(NULL)
#2 C:\xampp\htdocs\mesero-test-componentes\app\bower_components\mv-angular-sucursales\includes\ac-sucursales.php(43): MysqliDb->get('sucursales')
#3 [internal function]: Sucursales::get(Array)
#4 C:\xampp\htdocs\mesero-test-componentes\app\bower_components\mv-angular-sucursales\includes\ac-sucursales.php(25): call_user_func('Sucursales::get', Array)
#5 C:\xampp\htdocs\mesero-test-componentes\app\bower_components\mv-angular-sucursales\includes\ac-sucursales.php(149): Sucursales::init(Array)
#6 {main}
2016-10-04 04:41:00: exception 'Exception' with message 'Problem preparing query (SELECT  * FROM sucursales) Table 'arielces_mvtest.sucursales' doesn't exist' in C:\xampp\htdocs\cnx\MysqliDb.php:1482
Stack trace:
#0 C:\xampp\htdocs\cnx\MysqliDb.php(1095): MysqliDb->_prepareQuery()
#1 C:\xampp\htdocs\cnx\MysqliDb.php(550): MysqliDb->_buildQuery(NULL)
#2 C:\xampp\htdocs\mesero-test-componentes\app\bower_components\mv-angular-sucursales\includes\ac-sucursales.php(43): MysqliDb->get('sucursales')
#3 [internal function]: Sucursales::get(Array)
#4 C:\xampp\htdocs\mesero-test-componentes\app\bower_components\mv-angular-sucursales\includes\ac-sucursales.php(25): call_user_func('Sucursales::get', Array)
#5 C:\xampp\htdocs\mesero-test-componentes\app\bower_components\mv-angular-sucursales\includes\ac-sucursales.php(149): Sucursales::init(Array)
#6 {main}
2016-10-04 04:43:42: exception 'Exception' with message 'Problem preparing query (SELECT  * FROM sucursales) Table 'arielces_mvtest.sucursales' doesn't exist' in C:\xampp\htdocs\cnx\MysqliDb.php:1482
Stack trace:
#0 C:\xampp\htdocs\cnx\MysqliDb.php(1095): MysqliDb->_prepareQuery()
#1 C:\xampp\htdocs\cnx\MysqliDb.php(550): MysqliDb->_buildQuery(NULL)
#2 C:\xampp\htdocs\mesero-test-componentes\app\bower_components\mv-angular-sucursales\includes\ac-sucursales.php(43): MysqliDb->get('sucursales')
#3 [internal function]: Sucursales::get(Array)
#4 C:\xampp\htdocs\mesero-test-componentes\app\bower_components\mv-angular-sucursales\includes\ac-sucursales.php(25): call_user_func('Sucursales::get', Array)
#5 C:\xampp\htdocs\mesero-test-componentes\app\bower_components\mv-angular-sucursales\includes\ac-sucursales.php(149): Sucursales::init(Array)
#6 {main}
2016-10-04 04:43:51: exception 'Exception' with message 'Problem preparing query (SELECT  * FROM sucursales) Table 'arielces_mvtest.sucursales' doesn't exist' in C:\xampp\htdocs\cnx\MysqliDb.php:1482
Stack trace:
#0 C:\xampp\htdocs\cnx\MysqliDb.php(1095): MysqliDb->_prepareQuery()
#1 C:\xampp\htdocs\cnx\MysqliDb.php(550): MysqliDb->_buildQuery(NULL)
#2 C:\xampp\htdocs\mesero-test-componentes\app\bower_components\mv-angular-sucursales\includes\ac-sucursales.php(43): MysqliDb->get('sucursales')
#3 [internal function]: Sucursales::get(Array)
#4 C:\xampp\htdocs\mesero-test-componentes\app\bower_components\mv-angular-sucursales\includes\ac-sucursales.php(25): call_user_func('Sucursales::get', Array)
#5 C:\xampp\htdocs\mesero-test-componentes\app\bower_components\mv-angular-sucursales\includes\ac-sucursales.php(149): Sucursales::init(Array)
#6 {main}
2016-10-04 04:47:14: exception 'Exception' with message 'Problem preparing query (SELECT  * FROM sucursales) Table 'arielces_mvtest.sucursales' doesn't exist' in C:\xampp\htdocs\cnx\MysqliDb.php:1482
Stack trace:
#0 C:\xampp\htdocs\cnx\MysqliDb.php(1095): MysqliDb->_prepareQuery()
#1 C:\xampp\htdocs\cnx\MysqliDb.php(550): MysqliDb->_buildQuery(NULL)
#2 C:\xampp\htdocs\mesero-test-componentes\app\bower_components\mv-angular-sucursales\includes\ac-sucursales.php(43): MysqliDb->get('sucursales')
#3 [internal function]: Sucursales::get(Array)
#4 C:\xampp\htdocs\mesero-test-componentes\app\bower_components\mv-angular-sucursales\includes\ac-sucursales.php(25): call_user_func('Sucursales::get', Array)
#5 C:\xampp\htdocs\mesero-test-componentes\app\bower_components\mv-angular-sucursales\includes\ac-sucursales.php(149): Sucursales::init(Array)
#6 {main}
2016-10-04 04:51:35: exception 'Exception' with message 'Problem preparing query (SELECT  * FROM sucursales) Table 'arielces_mvtest.sucursales' doesn't exist' in C:\xampp\htdocs\cnx\MysqliDb.php:1482
Stack trace:
#0 C:\xampp\htdocs\cnx\MysqliDb.php(1095): MysqliDb->_prepareQuery()
#1 C:\xampp\htdocs\cnx\MysqliDb.php(550): MysqliDb->_buildQuery(NULL)
#2 C:\xampp\htdocs\mesero-test-componentes\app\bower_components\mv-angular-sucursales\includes\ac-sucursales.php(43): MysqliDb->get('sucursales')
#3 [internal function]: Sucursales::get(Array)
#4 C:\xampp\htdocs\mesero-test-componentes\app\bower_components\mv-angular-sucursales\includes\ac-sucursales.php(25): call_user_func('Sucursales::get', Array)
#5 C:\xampp\htdocs\mesero-test-componentes\app\bower_components\mv-angular-sucursales\includes\ac-sucursales.php(149): Sucursales::init(Array)
#6 {main}
2016-10-04 04:59:33: exception 'Exception' with message 'MySQL host is not set' in C:\xampp\htdocs\cnx\MysqliDb.php:253
Stack trace:
#0 C:\xampp\htdocs\cnx\MysqliDb.php(275): MysqliDb->connect()
#1 C:\xampp\htdocs\cnx\MysqliDb.php(1753): MysqliDb->mysqli()
#2 C:\xampp\htdocs\mesero-test-componentes\app\bower_components\mv-angular-sucursales\includes\ac-sucursales.php(56): MysqliDb->startTransaction()
#3 [internal function]: Sucursales::create(Array)
#4 C:\xampp\htdocs\mesero-test-componentes\app\bower_components\mv-angular-sucursales\includes\ac-sucursales.php(25): call_user_func('Sucursales::cre...', Array)
#5 C:\xampp\htdocs\mesero-test-componentes\app\bower_components\mv-angular-sucursales\includes\ac-sucursales.php(147): Sucursales::init(Array)
#6 {main}
2016-10-04 05:00:11: exception 'Exception' with message 'MySQL host is not set' in C:\xampp\htdocs\cnx\MysqliDb.php:253
Stack trace:
#0 C:\xampp\htdocs\cnx\MysqliDb.php(275): MysqliDb->connect()
#1 C:\xampp\htdocs\cnx\MysqliDb.php(1753): MysqliDb->mysqli()
#2 C:\xampp\htdocs\mesero-test-componentes\app\bower_components\mv-angular-sucursales\includes\ac-sucursales.php(56): MysqliDb->startTransaction()
#3 [internal function]: Sucursales::create(Array)
#4 C:\xampp\htdocs\mesero-test-componentes\app\bower_components\mv-angular-sucursales\includes\ac-sucursales.php(25): call_user_func('Sucursales::cre...', Array)
#5 C:\xampp\htdocs\mesero-test-componentes\app\bower_components\mv-angular-sucursales\includes\ac-sucursales.php(147): Sucursales::init(Array)
#6 {main}
2016-10-03 22:26:36: exception 'Exception' with message 'Problem preparing query (SELECT  * FROM sucursales) Table 'arielces_mvtest.sucursales' doesn't exist' in /home2/arielces/public_html/cnx/MysqliDb.php:1482
Stack trace:
#0 /home2/arielces/public_html/cnx/MysqliDb.php(1095): MysqliDb->_prepareQuery()
#1 /home2/arielces/public_html/cnx/MysqliDb.php(550): MysqliDb->_buildQuery(NULL)
#2 /home2/arielces/public_html/mesero-test-componentes/bower_components/mv-angular-sucursales/includes/ac-sucursales.php(43): MysqliDb->get('sucursales')
#3 [internal function]: Sucursales::get(Array)
#4 /home2/arielces/public_html/mesero-test-componentes/bower_components/mv-angular-sucursales/includes/ac-sucursales.php(25): call_user_func('Sucursales::get', Array)
#5 /home2/arielces/public_html/mesero-test-componentes/bower_components/mv-angular-sucursales/includes/ac-sucursales.php(180): Sucursales::init(Array)
#6 {main}
